Flow report for top_level
Mon Oct 31 16:49:40 2022
Quartus Prime Version 21.1.1 Build 850 06/23/2022 SJ Lite Edition


---------------------
; Table of Contents ;
---------------------
  1. Legal Notice
  2. Flow Summary
  3. Flow Settings
  4. Flow Non-Default Global Settings
  5. Flow Elapsed Time
  6. Flow OS Summary
  7. Flow Log
  8. Flow Messages
  9. Flow Suppressed Messages



----------------
; Legal Notice ;
----------------
Copyright (C) 2022  Intel Corporation. All rights reserved.
Your use of Intel Corporation's design tools, logic functions 
and other software and tools, and any partner logic 
functions, and any output files from any of the foregoing 
(including device programming or simulation files), and any 
associated documentation or information are expressly subject 
to the terms and conditions of the Intel Program License 
Subscription Agreement, the Intel Quartus Prime License Agreement,
the Intel FPGA IP License Agreement, or other applicable license
agreement, including, without limitation, that your use is for
the sole purpose of programming logic devices manufactured by
Intel and sold by Intel or its authorized distributors.  Please
refer to the applicable agreement for further details, at
https://fpgasoftware.intel.com/eula.



+----------------------------------------------------------------------------------+
; Flow Summary                                                                     ;
+------------------------------------+---------------------------------------------+
; Flow Status                        ; Successful - Mon Oct 31 16:49:40 2022       ;
; Quartus Prime Version              ; 21.1.1 Build 850 06/23/2022 SJ Lite Edition ;
; Revision Name                      ; top_level                                   ;
; Top-level Entity Name              ; top_level                                   ;
; Family                             ; MAX 10                                      ;
; Device                             ; 10M50DAF484C6GES                            ;
; Timing Models                      ; Preliminary                                 ;
; Total logic elements               ; 6,393 / 49,760 ( 13 % )                     ;
;     Total combinational functions  ; 5,135 / 49,760 ( 10 % )                     ;
;     Dedicated logic registers      ; 3,315 / 49,760 ( 7 % )                      ;
; Total registers                    ; 3315                                        ;
; Total pins                         ; 71 / 360 ( 20 % )                           ;
; Total virtual pins                 ; 0                                           ;
; Total memory bits                  ; 0 / 1,677,312 ( 0 % )                       ;
; Embedded Multiplier 9-bit elements ; 0 / 288 ( 0 % )                             ;
; Total PLLs                         ; 1 / 4 ( 25 % )                              ;
; UFM blocks                         ; 0 / 1 ( 0 % )                               ;
; ADC blocks                         ; 1 / 2 ( 50 % )                              ;
+------------------------------------+---------------------------------------------+


+-----------------------------------------+
; Flow Settings                           ;
+-------------------+---------------------+
; Option            ; Setting             ;
+-------------------+---------------------+
; Start date & time ; 10/31/2022 16:48:30 ;
; Main task         ; Compilation         ;
; Revision Name     ; top_level           ;
+-------------------+---------------------+


+---------------------------------------------------------------------------------------------------------------------------------------------------------------------+
; Flow Non-Default Global Settings                                                                                                                                    ;
+--------------------------------------+------------------------------------------------------------+---------------+-------------+-----------------------------------+
; Assignment Name                      ; Value                                                      ; Default Value ; Entity Name ; Section Id                        ;
+--------------------------------------+------------------------------------------------------------+---------------+-------------+-----------------------------------+
; COMPILER_SIGNATURE_ID                ; 214285384520807.166725650929400                            ; --            ; --          ; --                                ;
; EDA_DESIGN_ENTRY_SYNTHESIS_TOOL      ; Precision Synthesis                                        ; <None>        ; --          ; --                                ;
; EDA_DESIGN_INSTANCE_NAME             ; NA                                                         ; --            ; --          ; binary_bcd_compare_tb             ;
; EDA_DESIGN_INSTANCE_NAME             ; NA                                                         ; --            ; --          ; MUX2TO1_tb                        ;
; EDA_DESIGN_INSTANCE_NAME             ; NA                                                         ; --            ; --          ; top_level_tb                      ;
; EDA_DESIGN_INSTANCE_NAME             ; NA                                                         ; --            ; --          ; tb_debounce                       ;
; EDA_GENERATE_FUNCTIONAL_NETLIST      ; Off                                                        ; --            ; --          ; eda_board_design_timing           ;
; EDA_GENERATE_FUNCTIONAL_NETLIST      ; Off                                                        ; --            ; --          ; eda_board_design_boundary_scan    ;
; EDA_GENERATE_FUNCTIONAL_NETLIST      ; Off                                                        ; --            ; --          ; eda_board_design_signal_integrity ;
; EDA_GENERATE_FUNCTIONAL_NETLIST      ; Off                                                        ; --            ; --          ; eda_board_design_symbol           ;
; EDA_INPUT_DATA_FORMAT                ; Vqm                                                        ; --            ; --          ; eda_design_synthesis              ;
; EDA_LMF_FILE                         ; mentor.lmf                                                 ; --            ; --          ; eda_design_synthesis              ;
; EDA_NATIVELINK_SIMULATION_TEST_BENCH ; top_level_tb                                               ; --            ; --          ; eda_simulation                    ;
; EDA_OUTPUT_DATA_FORMAT               ; Systemverilog Hdl                                          ; --            ; --          ; eda_simulation                    ;
; EDA_SIMULATION_TOOL                  ; Questa Intel FPGA (SystemVerilog)                          ; <None>        ; --          ; --                                ;
; EDA_TEST_BENCH_ENABLE_STATUS         ; TEST_BENCH_MODE                                            ; --            ; --          ; eda_simulation                    ;
; EDA_TEST_BENCH_FILE                  ; binary_bcd_compare_tb.sv                                   ; --            ; --          ; binary_bcd_compare_tb             ;
; EDA_TEST_BENCH_FILE                  ; MUX2TO1_tb.sv                                              ; --            ; --          ; MUX2TO1_tb                        ;
; EDA_TEST_BENCH_FILE                  ; top_level_tb.sv                                            ; --            ; --          ; top_level_tb                      ;
; EDA_TEST_BENCH_FILE                  ; tb_debounce.sv                                             ; --            ; --          ; tb_debounce                       ;
; EDA_TEST_BENCH_MODULE_NAME           ; binary_bcd_compare_tb                                      ; --            ; --          ; binary_bcd_compare_tb             ;
; EDA_TEST_BENCH_MODULE_NAME           ; MUX2TO1_tb                                                 ; --            ; --          ; MUX2TO1_tb                        ;
; EDA_TEST_BENCH_MODULE_NAME           ; top_level_tb                                               ; --            ; --          ; top_level_tb                      ;
; EDA_TEST_BENCH_MODULE_NAME           ; tb_debounce                                                ; --            ; --          ; tb_debounce                       ;
; EDA_TEST_BENCH_NAME                  ; MUX2TO1_tb                                                 ; --            ; --          ; eda_simulation                    ;
; EDA_TEST_BENCH_NAME                  ; top_level_tb                                               ; --            ; --          ; eda_simulation                    ;
; EDA_TEST_BENCH_NAME                  ; binary_bcd_compare_tb                                      ; --            ; --          ; eda_simulation                    ;
; EDA_TEST_BENCH_NAME                  ; tb_debounce                                                ; --            ; --          ; eda_simulation                    ;
; EDA_TIME_SCALE                       ; 1 ps                                                       ; --            ; --          ; eda_simulation                    ;
; MAX_CORE_JUNCTION_TEMP               ; 85                                                         ; --            ; --          ; --                                ;
; MIN_CORE_JUNCTION_TEMP               ; 0                                                          ; --            ; --          ; --                                ;
; MISC_FILE                            ; adc_qsys/synthesis/../adc_qsys.cmp                         ; --            ; --          ; --                                ;
; MISC_FILE                            ; adc_qsys/synthesis/../../adc_qsys.qsys                     ; --            ; --          ; --                                ;
; PARTITION_COLOR                      ; -- (Not supported for targeted family)                     ; --            ; --          ; Top                               ;
; PARTITION_FITTER_PRESERVATION_LEVEL  ; -- (Not supported for targeted family)                     ; --            ; --          ; Top                               ;
; PARTITION_NETLIST_TYPE               ; -- (Not supported for targeted family)                     ; --            ; --          ; Top                               ;
; POWER_BOARD_THERMAL_MODEL            ; None (CONSERVATIVE)                                        ; --            ; --          ; --                                ;
; POWER_PRESET_COOLING_SOLUTION        ; 23 MM HEAT SINK WITH 200 LFPM AIRFLOW                      ; --            ; --          ; --                                ;
; PROJECT_OUTPUT_DIRECTORY             ; output_files                                               ; --            ; --          ; --                                ;
; SLD_FILE                             ; adc_qsys/synthesis/adc_qsys.debuginfo                      ; --            ; --          ; --                                ;
; SLD_INFO                             ; QSYS_NAME adc_qsys HAS_SOPCINFO 1 GENERATION_ID 1569444627 ; --            ; adc_qsys    ; --                                ;
; SOPCINFO_FILE                        ; adc_qsys/synthesis/../../adc_qsys.sopcinfo                 ; --            ; --          ; --                                ;
; SYNTHESIS_ONLY_QIP                   ; On                                                         ; --            ; --          ; --                                ;
+--------------------------------------+------------------------------------------------------------+---------------+-------------+-----------------------------------+


+--------------------------------------------------------------------------------------------------------------------------+
; Flow Elapsed Time                                                                                                        ;
+----------------------+--------------+-------------------------+---------------------+------------------------------------+
; Module Name          ; Elapsed Time ; Average Processors Used ; Peak Virtual Memory ; Total CPU Time (on all processors) ;
+----------------------+--------------+-------------------------+---------------------+------------------------------------+
; Analysis & Synthesis ; 00:00:25     ; 1.0                     ; 4860 MB             ; 00:00:25                           ;
; Fitter               ; 00:00:30     ; 1.4                     ; 5735 MB             ; 00:00:32                           ;
; Assembler            ; 00:00:03     ; 1.0                     ; 4748 MB             ; 00:00:03                           ;
; Timing Analyzer      ; 00:00:05     ; 2.1                     ; 4905 MB             ; 00:00:08                           ;
; EDA Netlist Writer   ; 00:00:02     ; 1.0                     ; 4686 MB             ; 00:00:01                           ;
; Total                ; 00:01:05     ; --                      ; --                  ; 00:01:09                           ;
+----------------------+--------------+-------------------------+---------------------+------------------------------------+


+------------------------------------------------------------------------------------+
; Flow OS Summary                                                                    ;
+----------------------+------------------+------------+------------+----------------+
; Module Name          ; Machine Hostname ; OS Name    ; OS Version ; Processor type ;
+----------------------+------------------+------------+------------+----------------+
; Analysis & Synthesis ; LAPTOP-DPHJM2RT  ; Windows 10 ; 10.0       ; x86_64         ;
; Fitter               ; LAPTOP-DPHJM2RT  ; Windows 10 ; 10.0       ; x86_64         ;
; Assembler            ; LAPTOP-DPHJM2RT  ; Windows 10 ; 10.0       ; x86_64         ;
; Timing Analyzer      ; LAPTOP-DPHJM2RT  ; Windows 10 ; 10.0       ; x86_64         ;
; EDA Netlist Writer   ; LAPTOP-DPHJM2RT  ; Windows 10 ; 10.0       ; x86_64         ;
+----------------------+------------------+------------+------------+----------------+


------------
; Flow Log ;
------------
quartus_map --read_settings_files=on --write_settings_files=off ENEL453_Lab3 -c top_level
quartus_fit --read_settings_files=off --write_settings_files=off ENEL453_Lab3 -c top_level
quartus_asm --read_settings_files=off --write_settings_files=off ENEL453_Lab3 -c top_level
quartus_sta ENEL453_Lab3 -c top_level
quartus_eda --read_settings_files=off --write_settings_files=off ENEL453_Lab3 -c top_level



